0 info it worked if it ends with ok
1 verbose cli [
1 verbose cli   '/usr/share/atom/resources/app/apm/bin/node',
1 verbose cli   '/usr/share/atom/resources/app/apm/node_modules/npm/bin/npm-cli.js',
1 verbose cli   '--globalconfig',
1 verbose cli   '/home/tunkert/.atom/.apm/.apmrc',
1 verbose cli   '--userconfig',
1 verbose cli   '/home/tunkert/.atom/.apmrc',
1 verbose cli   'install',
1 verbose cli   'https://www.atom.io/api/packages/atom-dracula-syntax/versions/2.3.0/tarball',
1 verbose cli   '--target=9.4.4',
1 verbose cli   '--disturl=https://atom.io/download/electron',
1 verbose cli   '--arch=x64',
1 verbose cli   '--global-style'
1 verbose cli ]
2 info using npm@6.14.13
3 info using node@v12.14.1
4 verbose npm-session 3ab205287777bc09
5 silly install loadCurrentTree
6 silly install readLocalPackageData
7 http fetch GET 400 https://www.atom.io/api/packages/atom-dracula-syntax/versions/2.3.0/tarball 689ms
8 silly fetchPackageMetaData error for https://www.atom.io/api/packages/atom-dracula-syntax/versions/2.3.0/tarball 400 Bad Request - GET https://www.atom.io/api/packages/atom-dracula-syntax/versions/2.3.0/tarball
9 timing stage:rollbackFailedOptional Completed in 9ms
10 timing stage:runTopLevelLifecycles Completed in 931ms
11 verbose stack Error: 400 Bad Request - GET https://www.atom.io/api/packages/atom-dracula-syntax/versions/2.3.0/tarball
11 verbose stack     at /usr/share/atom/resources/app/apm/node_modules/npm/node_modules/npm-registry-fetch/check-response.js:117:15
11 verbose stack     at processTicksAndRejections (internal/process/task_queues.js:94:5)
12 verbose statusCode 400
13 verbose pkgid https://www.atom.io/api/packages/atom-dracula-syntax/versions/2.3.0/tarball
14 verbose cwd /tmp/apm-install-dir-20211128-5081-11u1bn8.boei
15 verbose Linux 5.4.151-16908-gff376e5d5ee1
16 verbose argv "/usr/share/atom/resources/app/apm/bin/node" "/usr/share/atom/resources/app/apm/node_modules/npm/bin/npm-cli.js" "--globalconfig" "/home/tunkert/.atom/.apm/.apmrc" "--userconfig" "/home/tunkert/.atom/.apmrc" "install" "https://www.atom.io/api/packages/atom-dracula-syntax/versions/2.3.0/tarball" "--target=9.4.4" "--disturl=https://atom.io/download/electron" "--arch=x64" "--global-style"
17 verbose node v12.14.1
18 verbose npm  v6.14.13
19 error code E400
20 error 400 Bad Request - GET https://www.atom.io/api/packages/atom-dracula-syntax/versions/2.3.0/tarball
21 verbose exit [ 1, true ]
